0 info it worked if it ends with ok
1 verbose cli [ 'C:\\Program Files\\nodejs\\node.exe',
1 verbose cli   'C:\\Program Files\\nodejs\\node_modules\\npm\\bin\\npm-cli.js',
1 verbose cli   'run',
1 verbose cli   'build' ]
2 info using npm@3.10.9
3 info using node@v6.9.2
4 verbose run-script [ 'prebuild', 'build', 'postbuild' ]
5 info lifecycle csa-monitor@1.0.0~prebuild: csa-monitor@1.0.0
6 silly lifecycle csa-monitor@1.0.0~prebuild: no script for prebuild, continuing
7 info lifecycle csa-monitor@1.0.0~build: csa-monitor@1.0.0
8 verbose lifecycle csa-monitor@1.0.0~build: unsafe-perm in lifecycle true
9 verbose lifecycle csa-monitor@1.0.0~build: PATH: C:\Program Files\nodejs\node_modules\npm\bin\node-gyp-bin;C:\xampp\htdocs\CSA-Monitor\node_modules\.bin;C:\ProgramData\Oracle\Java\javapath;C:\Program Files (x86)\NVIDIA Corporation\PhysX\Common;C:\Windows\system32;C:\Windows;C:\Windows\System32\Wbem;C:\Windows\System32\WindowsPowerShell\v1.0\;C:\Program Files\Intel\WiFi\bin\;C:\Program Files\Common Files\Intel\WirelessCommon\;C:\Program Files\curl\;C:\Program Files\OpenVPN\bin;C:\Program Files (x86)\PuTTY\;C:\Program Files\MongoDB\Server\3.2\bin;C:\Program Files\Java\jdk1.8.0_101\bin;C:\apache-tomcat-8.0.37\lib;C:\apache-tomcat-8.0.37\bin;C:\Program Files\MySQL\MySQL Server 5.5\bin;C:\Program Files\MySQL\MySQL Server 5.5\bin;C:\Users\eric\AppData\Roaming\Cloud Foundry;C:\Program Files\nodejs\;C:\Program Files\nodejs\node_global;C:\Users\eric\AppData\Local\atom\bin;C:\Users\eric\AppData\Roaming\npm
10 verbose lifecycle csa-monitor@1.0.0~build: CWD: C:\xampp\htdocs\CSA-Monitor
11 silly lifecycle csa-monitor@1.0.0~build: Args: [ '/d /s /c', 'webpack' ]
12 silly lifecycle csa-monitor@1.0.0~build: Returned: code: 2  signal: null
13 info lifecycle csa-monitor@1.0.0~build: Failed to exec build script
14 verbose stack Error: csa-monitor@1.0.0 build: `webpack`
14 verbose stack Exit status 2
14 verbose stack     at EventEmitter.<anonymous> (C:\Program Files\nodejs\node_modules\npm\lib\utils\lifecycle.js:255:16)
14 verbose stack     at emitTwo (events.js:106:13)
14 verbose stack     at EventEmitter.emit (events.js:191:7)
14 verbose stack     at ChildProcess.<anonymous> (C:\Program Files\nodejs\node_modules\npm\lib\utils\spawn.js:40:14)
14 verbose stack     at emitTwo (events.js:106:13)
14 verbose stack     at ChildProcess.emit (events.js:191:7)
14 verbose stack     at maybeClose (internal/child_process.js:877:16)
14 verbose stack     at Process.ChildProcess._handle.onexit (internal/child_process.js:226:5)
15 verbose pkgid csa-monitor@1.0.0
16 verbose cwd C:\xampp\htdocs\CSA-Monitor
17 error Windows_NT 6.1.7601
18 error argv "C:\\Program Files\\nodejs\\node.exe" "C:\\Program Files\\nodejs\\node_modules\\npm\\bin\\npm-cli.js" "run" "build"
19 error node v6.9.2
20 error npm  v3.10.9
21 error code ELIFECYCLE
22 error csa-monitor@1.0.0 build: `webpack`
22 error Exit status 2
23 error Failed at the csa-monitor@1.0.0 build script 'webpack'.
23 error Make sure you have the latest version of node.js and npm installed.
23 error If you do, this is most likely a problem with the csa-monitor package,
23 error not with npm itself.
23 error Tell the author that this fails on your system:
23 error     webpack
23 error You can get information on how to open an issue for this project with:
23 error     npm bugs csa-monitor
23 error Or if that isn't available, you can get their info via:
23 error     npm owner ls csa-monitor
23 error There is likely additional logging output above.
24 verbose exit [ 1, true ]
